<?xml version="1.0" encoding="UTF-8"?>
<!-- Generated by org.testng.reporters.JUnitReportReporter -->
<testsuite hostname="sravan" failures="0" tests="9" name="webAppTest.MyProfileTest" time="125.804" errors="0" timestamp="2024-05-29T18:09:03 IST" skipped="0">
  <testcase classname="webAppTest.MyProfileTest" name="profile_Navigation" time="6.245"/>
  <system-out/>
  <testcase classname="webAppTest.MyProfileTest" name="Edit_profile_icon" time="1.239"/>
  <system-out/>
  <testcase classname="webAppTest.MyProfileTest" name="Edit_User_BioRequired" time="30.449"/>
  <system-out/>
  <testcase classname="webAppTest.MyProfileTest" name="Edit_User_vaildNumber" time="25.346"/>
  <system-out/>
  <testcase classname="webAppTest.MyProfileTest" name="cancel" time="3.121"/>
  <system-out/>
  <testcase classname="webAppTest.MyProfileTest" name="Edit_User_Details" time="7.693"/>
  <system-out/>
  <testcase classname="webAppTest.MyProfileTest" name="Analytics_Tab" time="8.158"/>
  <system-out/>
  <testcase classname="webAppTest.MyProfileTest" name="Squad_Details" time="35.076"/>
  <system-out/>
  <testcase classname="webAppTest.MyProfileTest" name="Transcripts" time="8.477"/>
  <system-out/>
</testsuite> <!-- webAppTest.MyProfileTest -->
