<?xml version="1.0" encoding="UTF-8"?>
<!-- Generated by org.testng.reporters.JUnitReportReporter -->
<testsuite hostname="sravan" failures="0" tests="1" name="testCases.Add_Put_in_Order_Question" time="6.698" errors="0" timestamp="2024-05-29T17:06:32 IST" skipped="0">
  <testcase classname="testCases.Add_Put_in_Order_Question" name="Delete_Question_Cancel" time="6.698"/>
  <system-out/>
</testsuite> <!-- testCases.Add_Put_in_Order_Question -->
