<?xml version="1.0" encoding="UTF-8"?>
<!-- Generated by org.testng.reporters.JUnitReportReporter -->
<testsuite hostname="sravan" failures="0" tests="11" name="testCases.LearnQuests" time="212.714" errors="0" timestamp="2024-05-29T13:03:30 IST" skipped="0">
  <testcase classname="testCases.LearnQuests" name="createQuest" time="27.345"/>
  <system-out/>
  <testcase classname="testCases.LearnQuests" name="Description_Required" time="32.496"/>
  <system-out/>
  <testcase classname="testCases.LearnQuests" name="Name_Required" time="6.349"/>
  <system-out/>
  <testcase classname="testCases.LearnQuests" name="Content_Required" time="7.300"/>
  <system-out/>
  <testcase classname="testCases.LearnQuests" name="Quest_Valid" time="37.893"/>
  <system-out/>
  <testcase classname="testCases.LearnQuests" name="Search_quest" time="48.301"/>
  <system-out/>
  <testcase classname="testCases.LearnQuests" name="View_quest" time="10.782"/>
  <system-out/>
  <testcase classname="testCases.LearnQuests" name="Edit_quest" time="9.048"/>
  <system-out/>
  <testcase classname="testCases.LearnQuests" name="Delete_quest_Cancel" time="15.147"/>
  <system-out/>
  <testcase classname="testCases.LearnQuests" name="Delete_quest_Yes" time="9.781"/>
  <system-out/>
  <testcase classname="testCases.LearnQuests" name="LearningPath_Status" time="8.272"/>
  <system-out/>
</testsuite> <!-- testCases.LearnQuests -->
