<?xml version="1.0" encoding="UTF-8"?>
<!-- Generated by org.testng.reporters.JUnitReportReporter -->
<testsuite hostname="sravan" failures="0" tests="12" name="testCases.AddNewSubject" time="133.391" errors="0" timestamp="2024-05-29T11:43:59 IST" skipped="0">
  <testcase classname="testCases.AddNewSubject" name="Add_Subject_Title_Required" time="4.700"/>
  <system-out/>
  <testcase classname="testCases.AddNewSubject" name="Add_Subject_Icon_Required" time="4.966"/>
  <system-out/>
  <testcase classname="testCases.AddNewSubject" name="Add_subject_category_dropdown_Required" time="17.018"/>
  <system-out/>
  <testcase classname="testCases.AddNewSubject" name="Add_subject_description_Required" time="10.291"/>
  <system-out/>
  <testcase classname="testCases.AddNewSubject" name="cancel" time="7.867"/>
  <system-out/>
  <testcase classname="testCases.AddNewSubject" name="add_new_Subject_Valid" time="20.432"/>
  <system-out/>
  <testcase classname="testCases.AddNewSubject" name="add_new_Subject_Description_count" time="6.712"/>
  <system-out/>
  <testcase classname="testCases.AddNewSubject" name="Search_Subjects" time="29.938"/>
  <system-out/>
  <testcase classname="testCases.AddNewSubject" name="View_Subject" time="4.190"/>
  <system-out/>
  <testcase classname="testCases.AddNewSubject" name="Edit_Subject" time="14.551"/>
  <system-out/>
  <testcase classname="testCases.AddNewSubject" name="Delete_Subject_Cancel" time="7.858"/>
  <system-out/>
  <testcase classname="testCases.AddNewSubject" name="add_new_Subject_Status" time="4.868"/>
  <system-out/>
</testsuite> <!-- testCases.AddNewSubject -->
