<?xml version="1.0" encoding="UTF-8"?>
<!-- Generated by org.testng.reporters.JUnitReportReporter -->
<testsuite hostname="sravan" failures="0" tests="16" name="testCases.Manage_Squads" time="236.692" errors="0" timestamp="2024-05-29T13:03:30 IST" skipped="0">
  <testcase classname="testCases.Manage_Squads" name="Add_Squad_Name_required" time="2.740"/>
  <system-out/>
  <testcase classname="testCases.Manage_Squads" name="Add_Squad_Members_required" time="8.638"/>
  <system-out/>
  <testcase classname="testCases.Manage_Squads" name="Add_Squad_Image_required" time="17.719"/>
  <system-out/>
  <testcase classname="testCases.Manage_Squads" name="Add_Squad_Parameter_required" time="2.885"/>
  <system-out/>
  <testcase classname="testCases.Manage_Squads" name="Add_Squad_Criteria_required" time="4.198"/>
  <system-out/>
  <testcase classname="testCases.Manage_Squads" name="Add_Squad_Value_required" time="4.207"/>
  <system-out/>
  <testcase classname="testCases.Manage_Squads" name="Add_Squad_Logic_required" time="5.250"/>
  <system-out/>
  <testcase classname="testCases.Manage_Squads" name="Create_Squad_without_Members" time="22.513"/>
  <system-out/>
  <testcase classname="testCases.Manage_Squads" name="Create_Squad_Cancel" time="3.965"/>
  <system-out/>
  <testcase classname="testCases.Manage_Squads" name="Create_Squad_Valid" time="35.420"/>
  <system-out/>
  <testcase classname="testCases.Manage_Squads" name="Search_squad" time="46.894"/>
  <system-out/>
  <testcase classname="testCases.Manage_Squads" name="View_Squad" time="8.889"/>
  <system-out/>
  <testcase classname="testCases.Manage_Squads" name="View_Squad_Tab" time="47.331"/>
  <system-out/>
  <testcase classname="testCases.Manage_Squads" name="View_Challenges_Tab" time="3.220"/>
  <system-out/>
  <testcase classname="testCases.Manage_Squads" name="Edit_Squad" time="15.202"/>
  <system-out/>
  <testcase classname="testCases.Manage_Squads" name="Delete_Squad_Cancel" time="7.621"/>
  <system-out/>
</testsuite> <!-- testCases.Manage_Squads -->
