<?xml version="1.0" encoding="UTF-8"?>
<!-- Generated by org.testng.reporters.JUnitReportReporter -->
<testsuite hostname="sravan" failures="0" tests="6" name="webAppTest.Forgot_Password" time="63.533" errors="0" timestamp="2024-05-29T13:57:20 IST" skipped="0">
  <testcase classname="webAppTest.Forgot_Password" name="WorkspaceId_Valid" time="9.438"/>
  <system-out/>
  <testcase classname="webAppTest.Forgot_Password" name="Forgotpassword_Empty" time="7.016"/>
  <system-out/>
  <testcase classname="webAppTest.Forgot_Password" name="Forgotpassword_invalid" time="26.259"/>
  <system-out/>
  <testcase classname="webAppTest.Forgot_Password" name="Forgotpassword_invalid_Learner" time="6.504"/>
  <system-out/>
  <testcase classname="webAppTest.Forgot_Password" name="Forgotpassword_Cancel" time="4.670"/>
  <system-out/>
  <testcase classname="webAppTest.Forgot_Password" name="Forgotpassword_Valid" time="9.646"/>
  <system-out/>
</testsuite> <!-- webAppTest.Forgot_Password -->
