<?xml version="1.0" encoding="UTF-8"?>
<!-- Generated by org.testng.reporters.JUnitReportReporter -->
<testsuite hostname="sravan" failures="0" tests="2" name="testCases.Certifications" time="40.380" errors="0" timestamp="2024-05-29T13:21:28 IST" skipped="0">
  <testcase classname="testCases.Certifications" name="Edit_Cert" time="13.802"/>
  <system-out/>
  <testcase classname="testCases.Certifications" name="Certifications_Status" time="26.578"/>
  <system-out/>
</testsuite> <!-- testCases.Certifications -->
