<?xml version="1.0" encoding="UTF-8"?>
<!-- Generated by org.testng.reporters.JUnitReportReporter -->
<testsuite hostname="sravan" failures="0" tests="8" name="webAppTest.Change_Password" time="83.265" errors="0" timestamp="2024-05-29T13:57:20 IST" skipped="0">
  <testcase classname="webAppTest.Change_Password" name="Old_UserPassword_required" time="9.625"/>
  <system-out/>
  <testcase classname="webAppTest.Change_Password" name="New_UserPassword_required" time="6.293"/>
  <system-out/>
  <testcase classname="webAppTest.Change_Password" name="New_UserPassword_short" time="4.191"/>
  <system-out/>
  <testcase classname="webAppTest.Change_Password" name="New_UserPassword_invalid_format" time="4.201"/>
  <system-out/>
  <testcase classname="webAppTest.Change_Password" name="confirm_UserPassword_empty" time="26.318"/>
  <system-out/>
  <testcase classname="webAppTest.Change_Password" name="confirm_UserPassword_invalid" time="7.434"/>
  <system-out/>
  <testcase classname="webAppTest.Change_Password" name="Old_NewPassword_invalid" time="10.579"/>
  <system-out/>
  <testcase classname="webAppTest.Change_Password" name="ChangePassword_valid" time="14.624"/>
  <system-out/>
</testsuite> <!-- webAppTest.Change_Password -->
