<?xml version="1.0" encoding="UTF-8"?>
<!-- Generated by org.testng.reporters.JUnitReportReporter -->
<testsuite hostname="sravan" failures="0" tests="17" name="testCases.Add_True_False" time="181.485" errors="0" timestamp="2024-05-29T12:28:36 IST" skipped="0">
  <testcase classname="testCases.Add_True_False" name="Add_Question_question_required" time="2.748"/>
  <system-out/>
  <testcase classname="testCases.Add_True_False" name="Add_Question_options_required" time="2.285"/>
  <system-out/>
  <testcase classname="testCases.Add_True_False" name="Add_Question_Feedback_count" time="10.321"/>
  <system-out/>
  <testcase classname="testCases.Add_True_False" name="Add_Question_Topicincluded_required" time="10.318"/>
  <system-out/>
  <testcase classname="testCases.Add_True_False" name="Add_Question_learninglevel_required" time="22.498"/>
  <system-out/>
  <testcase classname="testCases.Add_True_False" name="Add_Question_Timetosolve_required" time="10.314"/>
  <system-out/>
  <testcase classname="testCases.Add_True_False" name="Add_Question_KLP_required" time="4.239"/>
  <system-out/>
  <testcase classname="testCases.Add_True_False" name="Topic_Included_Category_required" time="6.919"/>
  <system-out/>
  <testcase classname="testCases.Add_True_False" name="Topic_Included_Subject_required" time="6.190"/>
  <system-out/>
  <testcase classname="testCases.Add_True_False" name="Topic_Included_Topic_required" time="6.202"/>
  <system-out/>
  <testcase classname="testCases.Add_True_False" name="Add_Questions_Cancel" time="15.074"/>
  <system-out/>
  <testcase classname="testCases.Add_True_False" name="Add_Questions_Valid" time="50.186"/>
  <system-out/>
  <testcase classname="testCases.Add_True_False" name="Search_Question" time="2.897"/>
  <system-out/>
  <testcase classname="testCases.Add_True_False" name="View_Question" time="5.390"/>
  <system-out/>
  <testcase classname="testCases.Add_True_False" name="Edit_Question" time="10.849"/>
  <system-out/>
  <testcase classname="testCases.Add_True_False" name="Delete_Question_Cancel" time="7.623"/>
  <system-out/>
  <testcase classname="testCases.Add_True_False" name="Delete_Question_Yes" time="7.432"/>
  <system-out/>
</testsuite> <!-- testCases.Add_True_False -->
