<?xml version="1.0" encoding="UTF-8"?>
<!-- Generated by org.testng.reporters.JUnitReportReporter -->
<testsuite hostname="sravan" failures="0" tests="6" name="webAppTest.AppLoginTest" time="63.052" errors="0" timestamp="2024-05-29T18:09:03 IST" skipped="0">
  <testcase classname="webAppTest.AppLoginTest" name="login_Workspace_Id" time="9.728"/>
  <system-out/>
  <testcase classname="webAppTest.AppLoginTest" name="login_empty_email" time="6.377"/>
  <system-out/>
  <testcase classname="webAppTest.AppLoginTest" name="login_invalid_email" time="7.364"/>
  <system-out/>
  <testcase classname="webAppTest.AppLoginTest" name="login_empty_password" time="5.950"/>
  <system-out/>
  <testcase classname="webAppTest.AppLoginTest" name="login_invalid_email_password" time="7.676"/>
  <system-out/>
  <testcase classname="webAppTest.AppLoginTest" name="login_valid_email_password" time="25.957"/>
  <system-out/>
</testsuite> <!-- webAppTest.AppLoginTest -->
