<?xml version="1.0" encoding="UTF-8"?>
<!-- Generated by org.testng.reporters.JUnitReportReporter -->
<testsuite hostname="sravan" failures="0" tests="1" name="testCases.Challenges" time="12.228" errors="0" timestamp="2024-05-29T17:48:20 IST" skipped="0">
  <testcase classname="testCases.Challenges" name="Challenge_Status" time="12.228"/>
  <system-out/>
</testsuite> <!-- testCases.Challenges -->
