<?xml version="1.0" encoding="UTF-8"?>
<!-- Generated by org.testng.reporters.JUnitReportReporter -->
<testsuite hostname="sravan" failures="0" tests="3" name="testCases.JobTitle" time="23.332" errors="0" timestamp="2024-05-29T13:10:19 IST" skipped="0">
  <testcase classname="testCases.JobTitle" name="Job_status" time="6.657"/>
  <system-out/>
  <testcase classname="testCases.JobTitle" name="Job_Title_Edit" time="11.545"/>
  <system-out/>
  <testcase classname="testCases.JobTitle" name="Job_Delete" time="5.130"/>
  <system-out/>
</testsuite> <!-- testCases.JobTitle -->
