<?xml version="1.0" encoding="UTF-8"?>
<!-- Generated by org.testng.reporters.JUnitReportReporter -->
<testsuite hostname="sravan" failures="0" tests="5" name="webAppTest.ChallengesTest" time="122.788" errors="0" timestamp="2024-05-29T13:57:20 IST" skipped="0">
  <testcase classname="webAppTest.ChallengesTest" name="ToDo_Challenges_count" time="6.355"/>
  <system-out/>
  <testcase classname="webAppTest.ChallengesTest" name="challengeQA" time="26.183"/>
  <system-out/>
  <testcase classname="webAppTest.ChallengesTest" name="Upcoming_Challenges" time="42.134"/>
  <system-out/>
  <testcase classname="webAppTest.ChallengesTest" name="ToDo_Certification_count" time="5.887"/>
  <system-out/>
  <testcase classname="webAppTest.ChallengesTest" name="Goals" time="42.229"/>
  <system-out/>
</testsuite> <!-- webAppTest.ChallengesTest -->
