<?xml version="1.0" encoding="UTF-8"?>
<!-- Generated by org.testng.reporters.JUnitReportReporter -->
<testsuite hostname="sravan" failures="0" tests="6" name="testCases.Permission_Settings" time="38.866" errors="0" timestamp="2024-05-29T13:26:07 IST" skipped="0">
  <testcase classname="testCases.Permission_Settings" name="Admin_Permission_Setting_status" time="6.923"/>
  <system-out/>
  <testcase classname="testCases.Permission_Settings" name="Admin_Permission_Settings" time="6.140"/>
  <system-out/>
  <testcase classname="testCases.Permission_Settings" name="Creator_Permission_Setting_status" time="6.926"/>
  <system-out/>
  <testcase classname="testCases.Permission_Settings" name="Creator_Permission_Settings" time="6.144"/>
  <system-out/>
  <testcase classname="testCases.Permission_Settings" name="Manager_Permission_Setting_status" time="6.589"/>
  <system-out/>
  <testcase classname="testCases.Permission_Settings" name="Manager_Permission_Settings" time="6.144"/>
  <system-out/>
</testsuite> <!-- testCases.Permission_Settings -->
