<?xml version="1.0" encoding="UTF-8"?>
<!-- Generated by org.testng.reporters.JUnitReportReporter -->
<testsuite hostname="sravan" failures="0" tests="18" name="testCases.Add_MultiChoice" time="251.584" errors="0" timestamp="2024-05-29T12:28:36 IST" skipped="0">
  <testcase classname="testCases.Add_MultiChoice" name="Add_Question_question_required" time="2.990"/>
  <system-out/>
  <testcase classname="testCases.Add_MultiChoice" name="Add_Question_options_required" time="22.319"/>
  <system-out/>
  <testcase classname="testCases.Add_MultiChoice" name="Add_Question_Feedback_required" time="30.414"/>
  <system-out/>
  <testcase classname="testCases.Add_MultiChoice" name="Add_Question_Topicincluded_required" time="10.418"/>
  <system-out/>
  <testcase classname="testCases.Add_MultiChoice" name="Add_Question_learning_level_required" time="22.493"/>
  <system-out/>
  <testcase classname="testCases.Add_MultiChoice" name="Add_Question_Timetosolve_required" time="10.307"/>
  <system-out/>
  <testcase classname="testCases.Add_MultiChoice" name="Add_Question_KLP_required" time="4.254"/>
  <system-out/>
  <testcase classname="testCases.Add_MultiChoice" name="Topic_Included_Category_required" time="7.220"/>
  <system-out/>
  <testcase classname="testCases.Add_MultiChoice" name="Topic_Included_Subject_required" time="6.193"/>
  <system-out/>
  <testcase classname="testCases.Add_MultiChoice" name="Topic_Included_Topic_required" time="6.182"/>
  <system-out/>
  <testcase classname="testCases.Add_MultiChoice" name="add_new_Questions_Feedback_count" time="10.288"/>
  <system-out/>
  <testcase classname="testCases.Add_MultiChoice" name="Add_Questions_Cancel" time="15.106"/>
  <system-out/>
  <testcase classname="testCases.Add_MultiChoice" name="Add_Questions_Valid" time="62.722"/>
  <system-out/>
  <testcase classname="testCases.Add_MultiChoice" name="Search_Question" time="3.061"/>
  <system-out/>
  <testcase classname="testCases.Add_MultiChoice" name="View_Question" time="9.512"/>
  <system-out/>
  <testcase classname="testCases.Add_MultiChoice" name="Edit_Question" time="12.813"/>
  <system-out/>
  <testcase classname="testCases.Add_MultiChoice" name="Delete_Question_Cancel" time="7.806"/>
  <system-out/>
  <testcase classname="testCases.Add_MultiChoice" name="Delete_Question_Yes" time="7.486"/>
  <system-out/>
</testsuite> <!-- testCases.Add_MultiChoice -->
