<?xml version="1.0" encoding="UTF-8"?>
<!-- Generated by org.testng.reporters.JUnitReportReporter -->
<testsuite hostname="sravan" failures="0" tests="2" name="testCases.Departments" time="16.050" errors="0" timestamp="2024-05-29T13:10:19 IST" skipped="0">
  <testcase classname="testCases.Departments" name="Department_status" time="6.470"/>
  <system-out/>
  <testcase classname="testCases.Departments" name="Department_Title_Edit" time="9.580"/>
  <system-out/>
</testsuite> <!-- testCases.Departments -->
