<?xml version="1.0" encoding="UTF-8"?>
<!-- Generated by org.testng.reporters.JUnitReportReporter -->
<testsuite hostname="sravan" failures="0" tests="11" name="testCases.addNewDeck" time="155.241" errors="0" timestamp="2024-05-29T11:43:59 IST" skipped="0">
  <testcase classname="testCases.addNewDeck" name="AddDeck_Title_required" time="8.471"/>
  <system-out/>
  <testcase classname="testCases.addNewDeck" name="AddDeck_category_required" time="6.286"/>
  <system-out/>
  <testcase classname="testCases.addNewDeck" name="Add_Deck_subject_required" time="16.243"/>
  <system-out/>
  <testcase classname="testCases.addNewDeck" name="Add_Deck_Topic_required" time="18.233"/>
  <system-out/>
  <testcase classname="testCases.addNewDeck" name="Add_Deck_Cancel" time="10.935"/>
  <system-out/>
  <testcase classname="testCases.addNewDeck" name="Add_New_Deck_Valid" time="30.094"/>
  <system-out/>
  <testcase classname="testCases.addNewDeck" name="Search_Deck" time="29.253"/>
  <system-out/>
  <testcase classname="testCases.addNewDeck" name="View_Deck" time="4.053"/>
  <system-out/>
  <testcase classname="testCases.addNewDeck" name="Edit_Deck" time="15.659"/>
  <system-out/>
  <testcase classname="testCases.addNewDeck" name="Delete_Deck_Cancel" time="8.761"/>
  <system-out/>
  <testcase classname="testCases.addNewDeck" name="add_new_Deck_Status" time="7.253"/>
  <system-out/>
</testsuite> <!-- testCases.addNewDeck -->
