<?xml version="1.0" encoding="UTF-8"?>
<!-- Generated by org.testng.reporters.JUnitReportReporter -->
<testsuite hostname="sravan" failures="0" tests="7" name="webAppTest.LearnTab" time="87.439" errors="0" timestamp="2024-05-29T13:57:20 IST" skipped="0">
  <testcase classname="webAppTest.LearnTab" name="Hot_Topics" time="5.578"/>
  <system-out/>
  <testcase classname="webAppTest.LearnTab" name="Hot_Topics_viewall" time="5.205"/>
  <system-out/>
  <testcase classname="webAppTest.LearnTab" name="Continue_learning" time="5.415"/>
  <system-out/>
  <testcase classname="webAppTest.LearnTab" name="Categories_listing" time="6.234"/>
  <system-out/>
  <testcase classname="webAppTest.LearnTab" name="Categories_viewall" time="5.185"/>
  <system-out/>
  <testcase classname="webAppTest.LearnTab" name="Goals_listing" time="31.815"/>
  <system-out/>
  <testcase classname="webAppTest.LearnTab" name="Learn_Category_valid_category" time="28.007"/>
  <system-out/>
</testsuite> <!-- webAppTest.LearnTab -->
