<?xml version="1.0" encoding="UTF-8"?>
<!-- Generated by org.testng.reporters.JUnitReportReporter -->
<testsuite hostname="sravan" failures="0" tests="15" name="testCases.AddLearners" time="466.221" errors="0" timestamp="2024-05-29T16:30:34 IST" skipped="0">
  <testcase classname="testCases.AddLearners" name="Verify_Add_New_Learner_isDisplayed" time="5.897"/>
  <system-out/>
  <testcase classname="testCases.AddLearners" name="Add_New_Learner_Name_Required" time="6.505"/>
  <system-out/>
  <testcase classname="testCases.AddLearners" name="Learner_EmpID_Required" time="46.927"/>
  <system-out/>
  <testcase classname="testCases.AddLearners" name="Learner_Email_Required" time="4.319"/>
  <system-out/>
  <testcase classname="testCases.AddLearners" name="Learner_HireDate_Required" time="45.374"/>
  <system-out/>
  <testcase classname="testCases.AddLearners" name="Learner_Department_Required" time="48.541"/>
  <system-out/>
  <testcase classname="testCases.AddLearners" name="Learner_Designation_Required" time="44.953"/>
  <system-out/>
  <testcase classname="testCases.AddLearners" name="Learner_Country_Required" time="46.881"/>
  <system-out/>
  <testcase classname="testCases.AddLearners" name="Learner_State_Required" time="47.449"/>
  <system-out/>
  <testcase classname="testCases.AddLearners" name="Add_New_Learner" time="79.801"/>
  <system-out/>
  <testcase classname="testCases.AddLearners" name="Search_Learner" time="44.842"/>
  <system-out/>
  <testcase classname="testCases.AddLearners" name="View_Learner" time="24.997"/>
  <system-out/>
  <testcase classname="testCases.AddLearners" name="Edit_Learner" time="8.936"/>
  <system-out/>
  <testcase classname="testCases.AddLearners" name="Delete_Learner_Cancel" time="7.627"/>
  <system-out/>
  <testcase classname="testCases.AddLearners" name="Learner_Status" time="3.172"/>
  <system-out/>
</testsuite> <!-- testCases.AddLearners -->
