<?xml version="1.0" encoding="UTF-8"?>
<!-- Generated by org.testng.reporters.JUnitReportReporter -->
<testsuite hostname="sravan" failures="0" tests="17" name="testCases.Add_SingleChoice" time="185.006" errors="0" timestamp="2024-05-29T12:28:36 IST" skipped="0">
  <testcase classname="testCases.Add_SingleChoice" name="Add_Question_question_required" time="5.783"/>
  <system-out/>
  <testcase classname="testCases.Add_SingleChoice" name="Add_Question_options_required" time="3.317"/>
  <system-out/>
  <testcase classname="testCases.Add_SingleChoice" name="add_new_Questions_Feedback_count" time="12.594"/>
  <system-out/>
  <testcase classname="testCases.Add_SingleChoice" name="Add_Question_Topic_included_required" time="10.363"/>
  <system-out/>
  <testcase classname="testCases.Add_SingleChoice" name="Add_Question_learning_level_required" time="22.519"/>
  <system-out/>
  <testcase classname="testCases.Add_SingleChoice" name="Add_Question_Timetosolve_required" time="10.356"/>
  <system-out/>
  <testcase classname="testCases.Add_SingleChoice" name="Add_Question_KLP_required" time="4.284"/>
  <system-out/>
  <testcase classname="testCases.Add_SingleChoice" name="Topic_Included_Category_required" time="9.173"/>
  <system-out/>
  <testcase classname="testCases.Add_SingleChoice" name="Topic_Included_Subject_required" time="6.202"/>
  <system-out/>
  <testcase classname="testCases.Add_SingleChoice" name="Topic_Included_Topic_required" time="6.201"/>
  <system-out/>
  <testcase classname="testCases.Add_SingleChoice" name="Add_Questions_Cancel" time="17.024"/>
  <system-out/>
  <testcase classname="testCases.Add_SingleChoice" name="Add_Questions_Valid" time="43.028"/>
  <system-out/>
  <testcase classname="testCases.Add_SingleChoice" name="Search_Question" time="3.328"/>
  <system-out/>
  <testcase classname="testCases.Add_SingleChoice" name="Edit_Question" time="8.363"/>
  <system-out/>
  <testcase classname="testCases.Add_SingleChoice" name="View_Question" time="7.362"/>
  <system-out/>
  <testcase classname="testCases.Add_SingleChoice" name="Delete_Question_Cancel" time="7.681"/>
  <system-out/>
  <testcase classname="testCases.Add_SingleChoice" name="Delete_Question_Yes" time="7.428"/>
  <system-out/>
</testsuite> <!-- testCases.Add_SingleChoice -->
