<?xml version="1.0" encoding="UTF-8"?>
<!-- Generated by org.testng.reporters.JUnitReportReporter -->
<testsuite hostname="sravan" failures="0" tests="12" name="testCases.AddNewCategory" time="153.706" errors="0" timestamp="2024-05-29T11:43:59 IST" skipped="0">
  <testcase classname="testCases.AddNewCategory" name="Add_Category_Title_Required" time="7.677"/>
  <system-out/>
  <testcase classname="testCases.AddNewCategory" name="Add_Category_Icon_Required" time="2.283"/>
  <system-out/>
  <testcase classname="testCases.AddNewCategory" name="Add_Category_description_Required" time="17.236"/>
  <system-out/>
  <testcase classname="testCases.AddNewCategory" name="Add_Category_CardColor_Required" time="26.753"/>
  <system-out/>
  <testcase classname="testCases.AddNewCategory" name="cancel" time="7.967"/>
  <system-out/>
  <testcase classname="testCases.AddNewCategory" name="add_new_Category_Valid" time="20.540"/>
  <system-out/>
  <testcase classname="testCases.AddNewCategory" name="add_new_Category_Description_count" time="10.857"/>
  <system-out/>
  <testcase classname="testCases.AddNewCategory" name="Search_Category" time="27.116"/>
  <system-out/>
  <testcase classname="testCases.AddNewCategory" name="View_category" time="4.226"/>
  <system-out/>
  <testcase classname="testCases.AddNewCategory" name="Edit_Category" time="14.638"/>
  <system-out/>
  <testcase classname="testCases.AddNewCategory" name="Delete_category_Cancel" time="9.647"/>
  <system-out/>
  <testcase classname="testCases.AddNewCategory" name="add_new_Category_Status" time="4.766"/>
  <system-out/>
</testsuite> <!-- testCases.AddNewCategory -->
