<?xml version="1.0" encoding="UTF-8"?>
<!-- Generated by org.testng.reporters.JUnitReportReporter -->
<testsuite hostname="sravan" failures="0" tests="2" name="webAppTest.HomePage" time="28.406" errors="0" timestamp="2024-05-29T13:57:20 IST" skipped="0">
  <testcase classname="webAppTest.HomePage" name="Learner_Name" time="4.170"/>
  <system-out/>
  <testcase classname="webAppTest.HomePage" name="challenges" time="24.236"/>
  <system-out/>
</testsuite> <!-- webAppTest.HomePage -->
