<?xml version="1.0" encoding="UTF-8"?>
<!-- Generated by org.testng.reporters.JUnitReportReporter -->
<testsuite hostname="sravan" failures="0" tests="9" name="testCases.UserRoles" time="77.546" errors="0" timestamp="2024-05-29T13:26:07 IST" skipped="0">
  <testcase classname="testCases.UserRoles" name="AssignUser_Parameter_required" time="9.210"/>
  <system-out/>
  <testcase classname="testCases.UserRoles" name="AssignUser_Criteria_required" time="4.213"/>
  <system-out/>
  <testcase classname="testCases.UserRoles" name="AssignUser_Value_required" time="4.215"/>
  <system-out/>
  <testcase classname="testCases.UserRoles" name="AssignUser_Logic_required" time="5.279"/>
  <system-out/>
  <testcase classname="testCases.UserRoles" name="AssignUser_Cancel" time="3.777"/>
  <system-out/>
  <testcase classname="testCases.UserRoles" name="Assign_User_Valid" time="24.806"/>
  <system-out/>
  <testcase classname="testCases.UserRoles" name="Assign_User_Edit" time="13.000"/>
  <system-out/>
  <testcase classname="testCases.UserRoles" name="AssignUser_status" time="5.580"/>
  <system-out/>
  <testcase classname="testCases.UserRoles" name="Delete_User_Cancel" time="7.466"/>
  <system-out/>
</testsuite> <!-- testCases.UserRoles -->
