<?xml version="1.0" encoding="UTF-8"?>
<!-- Generated by org.testng.reporters.JUnitReportReporter -->
<testsuite hostname="sravan" failures="0" tests="3" name="testCases.Admin_EditProfile" time="31.839" errors="0" timestamp="2024-05-29T13:26:07 IST" skipped="0">
  <testcase classname="testCases.Admin_EditProfile" name="Admin_Edit" time="15.187"/>
  <system-out/>
  <testcase classname="testCases.Admin_EditProfile" name="Profile_View" time="3.106"/>
  <system-out/>
  <testcase classname="testCases.Admin_EditProfile" name="Change_Password" time="13.546"/>
  <system-out/>
</testsuite> <!-- testCases.Admin_EditProfile -->
