<?xml version="1.0" encoding="UTF-8"?>
<!-- Generated by org.testng.reporters.JUnitReportReporter -->
<testsuite hostname="sravan" failures="0" tests="2" name="testCases.LoginTest" time="21.595" errors="0" timestamp="2024-05-29T17:48:20 IST" skipped="0">
  <testcase classname="testCases.LoginTest" name="login_Workspace_Id" time="8.627"/>
  <system-out/>
  <testcase classname="testCases.LoginTest" name="login_valid" time="12.968"/>
  <system-out/>
</testsuite> <!-- testCases.LoginTest -->
