<?xml version="1.0" encoding="UTF-8"?>
<!-- Generated by org.testng.reporters.JUnitReportReporter -->
<testsuite hostname="sravan" failures="0" tests="2" name="testCases.AddNewFlashCard" time="36.410" errors="0" timestamp="2024-05-29T16:06:32 IST" skipped="0">
  <testcase classname="testCases.AddNewFlashCard" name="Deck_Detailpage" time="7.761"/>
  <system-out/>
  <testcase classname="testCases.AddNewFlashCard" name="Add_Flashcard_valid" time="28.649"/>
  <system-out/>
</testsuite> <!-- testCases.AddNewFlashCard -->
